{
  "stats": {
    "suites": 19,
    "tests": 201,
    "passes": 199,
    "pending": 2,
    "failures": 0,
    "start": "2023-05-18T10:48:43.416Z",
    "end": "2023-05-18T10:50:43.768Z",
    "duration": 120352
  },
  "tests": [
    {
      "title": "Connector should throw an error for invalid xml path",
      "fullTitle": "Connector Tests Connector should throw an error for invalid xml path",
      "file": "/home/mnunez/rti_repos/rticonnextdds-connector-js/test/nodejs/test_rticonnextdds_connector.js",
      "duration": 11,
      "currentRetry": 0,
      "speed": "fast",
      "err": {}
    },
    {
      "title": "Connector should throw an error for invalid participant profile",
      "fullTitle": "Connector Tests Connector should throw an error for invalid participant profile",
      "file": "/home/mnunez/rti_repos/rticonnextdds-connector-js/test/nodejs/test_rticonnextdds_connector.js",
      "duration": 17,
      "currentRetry": 0,
      "speed": "fast",
      "err": {}
    },
    {
      "title": "Connector should throw an error for invalid xml profile",
      "fullTitle": "Connector Tests Connector should throw an error for invalid xml profile",
      "file": "/home/mnunez/rti_repos/rticonnextdds-connector-js/test/nodejs/test_rticonnextdds_connector.js",
      "duration": 14,
      "currentRetry": 0,
      "speed": "fast",
      "err": {}
    },
    {
      "title": "Connector should get instantiated for validxml and participant profile",
      "fullTitle": "Connector Tests Connector should get instantiated for validxml and participant profile",
      "file": "/home/mnunez/rti_repos/rticonnextdds-connector-js/test/nodejs/test_rticonnextdds_connector.js",
      "duration": 530,
      "currentRetry": 0,
      "speed": "slow",
      "err": {}
    },
    {
      "title": "Multiple Connector objects can be instantiated",
      "fullTitle": "Connector Tests Multiple Connector objects can be instantiated",
      "file": "/home/mnunez/rti_repos/rticonnextdds-connector-js/test/nodejs/test_rticonnextdds_connector.js",
      "duration": 1388,
      "currentRetry": 0,
      "speed": "slow",
      "err": {}
    },
    {
      "title": "Multiple Connector obejcts can be instantiated without participant QoS",
      "fullTitle": "Connector Tests Multiple Connector obejcts can be instantiated without participant QoS",
      "file": "/home/mnunez/rti_repos/rticonnextdds-connector-js/test/nodejs/test_rticonnextdds_connector.js",
      "duration": 949,
      "currentRetry": 0,
      "speed": "slow",
      "err": {}
    },
    {
      "title": "Load two XML files using the url group syntax",
      "fullTitle": "Connector Tests Load two XML files using the url group syntax",
      "file": "/home/mnunez/rti_repos/rticonnextdds-connector-js/test/nodejs/test_rticonnextdds_connector.js",
      "duration": 532,
      "currentRetry": 0,
      "speed": "slow",
      "err": {}
    },
    {
      "title": "Should be possible to create a Connector with participant qos",
      "fullTitle": "Connector Tests Should be possible to create a Connector with participant qos",
      "file": "/home/mnunez/rti_repos/rticonnextdds-connector-js/test/nodejs/test_rticonnextdds_connector.js",
      "duration": 532,
      "currentRetry": 0,
      "speed": "slow",
      "err": {}
    },
    {
      "title": "is possible to obtain the current version of Connector",
      "fullTitle": "Connector Tests is possible to obtain the current version of Connector",
      "file": "/home/mnunez/rti_repos/rticonnextdds-connector-js/test/nodejs/test_rticonnextdds_connector.js",
      "duration": 3,
      "currentRetry": 0,
      "speed": "fast",
      "err": {}
    },
    {
      "title": "Connector should not segfault if deleted twice",
      "fullTitle": "Connector Tests Connector should not segfault if deleted twice",
      "file": "/home/mnunez/rti_repos/rticonnextdds-connector-js/test/nodejs/test_rticonnextdds_connector.js",
      "duration": 531,
      "currentRetry": 0,
      "speed": "slow",
      "err": {}
    },
    {
      "title": "on_data_available callback gets called when data is available",
      "fullTitle": "Connector Tests Connector callback test on_data_available callback gets called when data is available",
      "file": "/home/mnunez/rti_repos/rticonnextdds-connector-js/test/nodejs/test_rticonnextdds_connector.js",
      "duration": 1002,
      "currentRetry": 0,
      "speed": "slow",
      "err": {}
    },
    {
      "title": "on_data_available emits the error event on error",
      "fullTitle": "Connector Tests Connector callback test on_data_available emits the error event on error",
      "file": "/home/mnunez/rti_repos/rticonnextdds-connector-js/test/nodejs/test_rticonnextdds_connector.js",
      "duration": 1002,
      "currentRetry": 0,
      "speed": "slow",
      "err": {}
    },
    {
      "title": "internal waitset is waited on repeatedly within on_data_available",
      "fullTitle": "Connector Tests Connector callback test internal waitset is waited on repeatedly within on_data_available",
      "file": "/home/mnunez/rti_repos/rticonnextdds-connector-js/test/nodejs/test_rticonnextdds_connector.js",
      "duration": 1501,
      "currentRetry": 0,
      "speed": "slow",
      "err": {}
    },
    {
      "title": "getNumber should return a number",
      "fullTitle": "Data access tests with a pre-populated input getNumber should return a number",
      "file": "/home/mnunez/rti_repos/rticonnextdds-connector-js/test/nodejs/test_rticonnextdds_data_access.js",
      "duration": 0,
      "currentRetry": 0,
      "speed": "fast",
      "err": {}
    },
    {
      "title": "getNumber requires a valid index",
      "fullTitle": "Data access tests with a pre-populated input getNumber requires a valid index",
      "file": "/home/mnunez/rti_repos/rticonnextdds-connector-js/test/nodejs/test_rticonnextdds_data_access.js",
      "duration": 0,
      "currentRetry": 0,
      "speed": "fast",
      "err": {}
    },
    {
      "title": "getNumber requires a valid field name",
      "fullTitle": "Data access tests with a pre-populated input getNumber requires a valid field name",
      "file": "/home/mnunez/rti_repos/rticonnextdds-connector-js/test/nodejs/test_rticonnextdds_data_access.js",
      "duration": 0,
      "currentRetry": 0,
      "speed": "fast",
      "err": {}
    },
    {
      "title": "getString on a number field should return a string",
      "fullTitle": "Data access tests with a pre-populated input getString on a number field should return a string",
      "file": "/home/mnunez/rti_repos/rticonnextdds-connector-js/test/nodejs/test_rticonnextdds_data_access.js",
      "duration": 1,
      "currentRetry": 0,
      "speed": "fast",
      "err": {}
    },
    {
      "title": "getString requires a valid index",
      "fullTitle": "Data access tests with a pre-populated input getString requires a valid index",
      "file": "/home/mnunez/rti_repos/rticonnextdds-connector-js/test/nodejs/test_rticonnextdds_data_access.js",
      "duration": 0,
      "currentRetry": 0,
      "speed": "fast",
      "err": {}
    },
    {
      "title": "getString requires a valid field name",
      "fullTitle": "Data access tests with a pre-populated input getString requires a valid field name",
      "file": "/home/mnunez/rti_repos/rticonnextdds-connector-js/test/nodejs/test_rticonnextdds_data_access.js",
      "duration": 0,
      "currentRetry": 0,
      "speed": "fast",
      "err": {}
    },
    {
      "title": "getBoolean should return a boolean",
      "fullTitle": "Data access tests with a pre-populated input getBoolean should return a boolean",
      "file": "/home/mnunez/rti_repos/rticonnextdds-connector-js/test/nodejs/test_rticonnextdds_data_access.js",
      "duration": 0,
      "currentRetry": 0,
      "speed": "fast",
      "err": {}
    },
    {
      "title": "getBoolean requires a valid index",
      "fullTitle": "Data access tests with a pre-populated input getBoolean requires a valid index",
      "file": "/home/mnunez/rti_repos/rticonnextdds-connector-js/test/nodejs/test_rticonnextdds_data_access.js",
      "duration": 1,
      "currentRetry": 0,
      "speed": "fast",
      "err": {}
    },
    {
      "title": "getBoolean requires a valid field name",
      "fullTitle": "Data access tests with a pre-populated input getBoolean requires a valid field name",
      "file": "/home/mnunez/rti_repos/rticonnextdds-connector-js/test/nodejs/test_rticonnextdds_data_access.js",
      "duration": 0,
      "currentRetry": 0,
      "speed": "fast",
      "err": {}
    },
    {
      "title": "getValue requires a valid index",
      "fullTitle": "Data access tests with a pre-populated input getValue requires a valid index",
      "file": "/home/mnunez/rti_repos/rticonnextdds-connector-js/test/nodejs/test_rticonnextdds_data_access.js",
      "duration": 0,
      "currentRetry": 0,
      "speed": "fast",
      "err": {}
    },
    {
      "title": "getValue requires a valid field name",
      "fullTitle": "Data access tests with a pre-populated input getValue requires a valid field name",
      "file": "/home/mnunez/rti_repos/rticonnextdds-connector-js/test/nodejs/test_rticonnextdds_data_access.js",
      "duration": 0,
      "currentRetry": 0,
      "speed": "fast",
      "err": {}
    },
    {
      "title": "getNumber on a boolean field should return a number",
      "fullTitle": "Data access tests with a pre-populated input getNumber on a boolean field should return a number",
      "file": "/home/mnunez/rti_repos/rticonnextdds-connector-js/test/nodejs/test_rticonnextdds_data_access.js",
      "duration": 0,
      "currentRetry": 0,
      "speed": "fast",
      "err": {}
    },
    {
      "title": "getNumber on an enum should return the set value",
      "fullTitle": "Data access tests with a pre-populated input getNumber on an enum should return the set value",
      "file": "/home/mnunez/rti_repos/rticonnextdds-connector-js/test/nodejs/test_rticonnextdds_data_access.js",
      "duration": 0,
      "currentRetry": 0,
      "speed": "fast",
      "err": {}
    },
    {
      "title": "access a value nested within a struct",
      "fullTitle": "Data access tests with a pre-populated input access a value nested within a struct",
      "file": "/home/mnunez/rti_repos/rticonnextdds-connector-js/test/nodejs/test_rticonnextdds_data_access.js",
      "duration": 0,
      "currentRetry": 0,
      "speed": "fast",
      "err": {}
    },
    {
      "title": "access values and sizes of sequences and arrays",
      "fullTitle": "Data access tests with a pre-populated input access values and sizes of sequences and arrays",
      "file": "/home/mnunez/rti_repos/rticonnextdds-connector-js/test/nodejs/test_rticonnextdds_data_access.js",
      "duration": 0,
      "currentRetry": 0,
      "speed": "fast",
      "err": {}
    },
    {
      "title": "access values past the end of a sequence",
      "fullTitle": "Data access tests with a pre-populated input access values past the end of a sequence",
      "file": "/home/mnunez/rti_repos/rticonnextdds-connector-js/test/nodejs/test_rticonnextdds_data_access.js",
      "duration": 0,
      "currentRetry": 0,
      "speed": "fast",
      "err": {}
    },
    {
      "title": "attempt to access non-existent members",
      "fullTitle": "Data access tests with a pre-populated input attempt to access non-existent members",
      "file": "/home/mnunez/rti_repos/rticonnextdds-connector-js/test/nodejs/test_rticonnextdds_data_access.js",
      "duration": 0,
      "currentRetry": 0,
      "speed": "fast",
      "err": {}
    },
    {
      "title": "attempt to access members with bad sequence syntax",
      "fullTitle": "Data access tests with a pre-populated input attempt to access members with bad sequence syntax",
      "file": "/home/mnunez/rti_repos/rticonnextdds-connector-js/test/nodejs/test_rticonnextdds_data_access.js",
      "duration": 0,
      "currentRetry": 0,
      "speed": "fast",
      "err": {}
    },
    {
      "title": "attempt to access the negative member of a sequence",
      "fullTitle": "Data access tests with a pre-populated input attempt to access the negative member of a sequence",
      "file": "/home/mnunez/rti_repos/rticonnextdds-connector-js/test/nodejs/test_rticonnextdds_data_access.js",
      "duration": 0,
      "currentRetry": 0,
      "speed": "fast",
      "err": {}
    },
    {
      "title": "getNumber on unions",
      "fullTitle": "Data access tests with a pre-populated input getNumber on unions",
      "file": "/home/mnunez/rti_repos/rticonnextdds-connector-js/test/nodejs/test_rticonnextdds_data_access.js",
      "duration": 0,
      "currentRetry": 0,
      "speed": "fast",
      "err": {}
    },
    {
      "title": "obtain the selected member of a union with # syntax",
      "fullTitle": "Data access tests with a pre-populated input obtain the selected member of a union with # syntax",
      "file": "/home/mnunez/rti_repos/rticonnextdds-connector-js/test/nodejs/test_rticonnextdds_data_access.js",
      "duration": 1,
      "currentRetry": 0,
      "speed": "fast",
      "err": {}
    },
    {
      "title": "obtain an unset optional member",
      "fullTitle": "Data access tests with a pre-populated input obtain an unset optional member",
      "file": "/home/mnunez/rti_repos/rticonnextdds-connector-js/test/nodejs/test_rticonnextdds_data_access.js",
      "duration": 0,
      "currentRetry": 0,
      "speed": "fast",
      "err": {}
    },
    {
      "title": "obtain an unset optional member as a string",
      "fullTitle": "Data access tests with a pre-populated input obtain an unset optional member as a string",
      "file": "/home/mnunez/rti_repos/rticonnextdds-connector-js/test/nodejs/test_rticonnextdds_data_access.js",
      "duration": 1,
      "currentRetry": 0,
      "speed": "fast",
      "err": {}
    },
    {
      "title": "obtain an unset optional complex member",
      "fullTitle": "Data access tests with a pre-populated input obtain an unset optional complex member",
      "file": "/home/mnunez/rti_repos/rticonnextdds-connector-js/test/nodejs/test_rticonnextdds_data_access.js",
      "duration": 1,
      "currentRetry": 0,
      "speed": "fast",
      "err": {}
    },
    {
      "title": "unset optional members should not be in JSON objects returned by getJSON",
      "fullTitle": "Data access tests with a pre-populated input unset optional members should not be in JSON objects returned by getJSON",
      "file": "/home/mnunez/rti_repos/rticonnextdds-connector-js/test/nodejs/test_rticonnextdds_data_access.js",
      "duration": 1,
      "currentRetry": 0,
      "speed": "fast",
      "err": {}
    },
    {
      "title": "get non-existent member with getJson",
      "fullTitle": "Data access tests with a pre-populated input get non-existent member with getJson",
      "file": "/home/mnunez/rti_repos/rticonnextdds-connector-js/test/nodejs/test_rticonnextdds_data_access.js",
      "duration": 1,
      "currentRetry": 0,
      "speed": "fast",
      "err": {}
    },
    {
      "title": "getJson requires valid index",
      "fullTitle": "Data access tests with a pre-populated input getJson requires valid index",
      "file": "/home/mnunez/rti_repos/rticonnextdds-connector-js/test/nodejs/test_rticonnextdds_data_access.js",
      "duration": 0,
      "currentRetry": 0,
      "speed": "fast",
      "err": {}
    },
    {
      "title": "if a member name is supplied to getJson, it must be a string",
      "fullTitle": "Data access tests with a pre-populated input if a member name is supplied to getJson, it must be a string",
      "file": "/home/mnunez/rti_repos/rticonnextdds-connector-js/test/nodejs/test_rticonnextdds_data_access.js",
      "duration": 0,
      "currentRetry": 0,
      "speed": "fast",
      "err": {}
    },
    {
      "title": "attempt to get non-complex members with getJson",
      "fullTitle": "Data access tests with a pre-populated input attempt to get non-complex members with getJson",
      "file": "/home/mnunez/rti_repos/rticonnextdds-connector-js/test/nodejs/test_rticonnextdds_data_access.js",
      "duration": 1,
      "currentRetry": 0,
      "speed": "fast",
      "err": {}
    },
    {
      "title": "get complex members using getJson",
      "fullTitle": "Data access tests with a pre-populated input get complex members using getJson",
      "file": "/home/mnunez/rti_repos/rticonnextdds-connector-js/test/nodejs/test_rticonnextdds_data_access.js",
      "duration": 2,
      "currentRetry": 0,
      "speed": "fast",
      "err": {}
    },
    {
      "title": "get an unset optional complex member using getJson",
      "fullTitle": "Data access tests with a pre-populated input get an unset optional complex member using getJson",
      "file": "/home/mnunez/rti_repos/rticonnextdds-connector-js/test/nodejs/test_rticonnextdds_data_access.js",
      "duration": 0,
      "currentRetry": 0,
      "speed": "fast",
      "err": {}
    },
    {
      "title": "access native dynamic data pointer",
      "fullTitle": "Data access tests with a pre-populated input access native dynamic data pointer",
      "file": "/home/mnunez/rti_repos/rticonnextdds-connector-js/test/nodejs/test_rticonnextdds_data_access.js",
      "duration": 1,
      "currentRetry": 0,
      "speed": "fast",
      "err": {}
    },
    {
      "title": "get complex members using get",
      "fullTitle": "Data access tests with a pre-populated input get complex members using get",
      "file": "/home/mnunez/rti_repos/rticonnextdds-connector-js/test/nodejs/test_rticonnextdds_data_access.js",
      "duration": 1,
      "currentRetry": 0,
      "speed": "fast",
      "err": {}
    },
    {
      "title": "Try to obtain complex members with getNumber",
      "fullTitle": "Data access tests with a pre-populated input Try to obtain complex members with getNumber",
      "file": "/home/mnunez/rti_repos/rticonnextdds-connector-js/test/nodejs/test_rticonnextdds_data_access.js",
      "duration": 0,
      "currentRetry": 0,
      "speed": "fast",
      "err": {}
    },
    {
      "title": "Try to obtain complex members with getBoolean",
      "fullTitle": "Data access tests with a pre-populated input Try to obtain complex members with getBoolean",
      "file": "/home/mnunez/rti_repos/rticonnextdds-connector-js/test/nodejs/test_rticonnextdds_data_access.js",
      "duration": 0,
      "currentRetry": 0,
      "speed": "fast",
      "err": {}
    },
    {
      "title": "Try to obtain complex members with getString",
      "fullTitle": "Data access tests with a pre-populated input Try to obtain complex members with getString",
      "file": "/home/mnunez/rti_repos/rticonnextdds-connector-js/test/nodejs/test_rticonnextdds_data_access.js",
      "duration": 0,
      "currentRetry": 0,
      "speed": "fast",
      "err": {}
    },
    {
      "title": "Try to obtain complex arrays with getString",
      "fullTitle": "Data access tests with a pre-populated input Try to obtain complex arrays with getString",
      "file": "/home/mnunez/rti_repos/rticonnextdds-connector-js/test/nodejs/test_rticonnextdds_data_access.js",
      "duration": 0,
      "currentRetry": 0,
      "speed": "fast",
      "err": {}
    },
    {
      "title": "Obtain JSON string of dictionary",
      "fullTitle": "Data access tests with a pre-populated input Obtain JSON string of dictionary",
      "file": "/home/mnunez/rti_repos/rticonnextdds-connector-js/test/nodejs/test_rticonnextdds_data_access.js",
      "duration": 0,
      "currentRetry": 0,
      "speed": "fast",
      "err": {}
    },
    {
      "title": "samples.getNative requires valid index",
      "fullTitle": "Data access tests with a pre-populated input samples.getNative requires valid index",
      "file": "/home/mnunez/rti_repos/rticonnextdds-connector-js/test/nodejs/test_rticonnextdds_data_access.js",
      "duration": 0,
      "currentRetry": 0,
      "speed": "fast",
      "err": {}
    },
    {
      "title": "test native API on output",
      "fullTitle": "Tests with a testOutput and testInput test native API on output",
      "file": "/home/mnunez/rti_repos/rticonnextdds-connector-js/test/nodejs/test_rticonnextdds_data_access.js",
      "duration": 0,
      "currentRetry": 0,
      "speed": "fast",
      "err": {}
    },
    {
      "title": "pass null as field name to setX APIs on output",
      "fullTitle": "Tests with a testOutput and testInput pass null as field name to setX APIs on output",
      "file": "/home/mnunez/rti_repos/rticonnextdds-connector-js/test/nodejs/test_rticonnextdds_data_access.js",
      "duration": 1,
      "currentRetry": 0,
      "speed": "fast",
      "err": {}
    },
    {
      "title": "try to set a number with a string",
      "fullTitle": "Tests with a testOutput and testInput try to set a number with a string",
      "file": "/home/mnunez/rti_repos/rticonnextdds-connector-js/test/nodejs/test_rticonnextdds_data_access.js",
      "duration": 0,
      "currentRetry": 0,
      "speed": "fast",
      "err": {}
    },
    {
      "title": "try to set a boolean with a string",
      "fullTitle": "Tests with a testOutput and testInput try to set a boolean with a string",
      "file": "/home/mnunez/rti_repos/rticonnextdds-connector-js/test/nodejs/test_rticonnextdds_data_access.js",
      "duration": 0,
      "currentRetry": 0,
      "speed": "fast",
      "err": {}
    },
    {
      "title": "try to set non-existent field names",
      "fullTitle": "Tests with a testOutput and testInput try to set non-existent field names",
      "file": "/home/mnunez/rti_repos/rticonnextdds-connector-js/test/nodejs/test_rticonnextdds_data_access.js",
      "duration": 1,
      "currentRetry": 0,
      "speed": "fast",
      "err": {}
    },
    {
      "title": "Supply a JSON object where everything is a string",
      "fullTitle": "Tests with a testOutput and testInput Supply a JSON object where everything is a string",
      "file": "/home/mnunez/rti_repos/rticonnextdds-connector-js/test/nodejs/test_rticonnextdds_data_access.js",
      "duration": 0,
      "currentRetry": 0,
      "speed": "fast",
      "err": {}
    },
    {
      "title": "Bad conversion from string in JSON object",
      "fullTitle": "Tests with a testOutput and testInput Bad conversion from string in JSON object",
      "file": "/home/mnunez/rti_repos/rticonnextdds-connector-js/test/nodejs/test_rticonnextdds_data_access.js",
      "duration": 2,
      "currentRetry": 0,
      "speed": "fast",
      "err": {}
    },
    {
      "title": "Attempt to access past the end of a sequence using setFromJson",
      "fullTitle": "Tests with a testOutput and testInput Attempt to access past the end of a sequence using setFromJson",
      "file": "/home/mnunez/rti_repos/rticonnextdds-connector-js/test/nodejs/test_rticonnextdds_data_access.js",
      "duration": 1,
      "currentRetry": 0,
      "speed": "fast",
      "err": {}
    },
    {
      "title": "Attempt to pass an invalid JSON object to setFromJson",
      "fullTitle": "Tests with a testOutput and testInput Attempt to pass an invalid JSON object to setFromJson",
      "file": "/home/mnunez/rti_repos/rticonnextdds-connector-js/test/nodejs/test_rticonnextdds_data_access.js",
      "duration": 1,
      "currentRetry": 0,
      "speed": "fast",
      "err": {}
    },
    {
      "title": "The type-independent get should return the same result as getJson",
      "fullTitle": "Tests with a testOutput and testInput The type-independent get should return the same result as getJson",
      "file": "/home/mnunez/rti_repos/rticonnextdds-connector-js/test/nodejs/test_rticonnextdds_data_access.js",
      "duration": 1,
      "currentRetry": 0,
      "speed": "fast",
      "err": {}
    },
    {
      "title": "Set a boolean field using setNumber and check the resultant value on an input",
      "fullTitle": "Tests with a testOutput and testInput Set a boolean field using setNumber and check the resultant value on an input",
      "file": "/home/mnunez/rti_repos/rticonnextdds-connector-js/test/nodejs/test_rticonnextdds_data_access.js",
      "duration": 0,
      "currentRetry": 0,
      "speed": "fast",
      "err": {}
    },
    {
      "title": "Set a string with a number and check the resultant value on an input",
      "fullTitle": "Tests with a testOutput and testInput Set a string with a number and check the resultant value on an input",
      "file": "/home/mnunez/rti_repos/rticonnextdds-connector-js/test/nodejs/test_rticonnextdds_data_access.js",
      "duration": 1,
      "currentRetry": 0,
      "speed": "fast",
      "err": {}
    },
    {
      "title": "Test output sequences",
      "fullTitle": "Tests with a testOutput and testInput Test output sequences",
      "file": "/home/mnunez/rti_repos/rticonnextdds-connector-js/test/nodejs/test_rticonnextdds_data_access.js",
      "duration": 0,
      "currentRetry": 0,
      "speed": "fast",
      "err": {}
    },
    {
      "title": "Change union members",
      "fullTitle": "Tests with a testOutput and testInput Change union members",
      "file": "/home/mnunez/rti_repos/rticonnextdds-connector-js/test/nodejs/test_rticonnextdds_data_access.js",
      "duration": 0,
      "currentRetry": 0,
      "speed": "fast",
      "err": {}
    },
    {
      "title": "Change union members",
      "fullTitle": "Tests with a testOutput and testInput Change union members",
      "file": "/home/mnunez/rti_repos/rticonnextdds-connector-js/test/nodejs/test_rticonnextdds_data_access.js",
      "duration": 1,
      "currentRetry": 0,
      "speed": "fast",
      "err": {}
    },
    {
      "title": "Set an optional",
      "fullTitle": "Tests with a testOutput and testInput Set an optional",
      "file": "/home/mnunez/rti_repos/rticonnextdds-connector-js/test/nodejs/test_rticonnextdds_data_access.js",
      "duration": 1,
      "currentRetry": 0,
      "speed": "fast",
      "err": {}
    },
    {
      "title": "Get an unset optional boolean",
      "fullTitle": "Tests with a testOutput and testInput Get an unset optional boolean",
      "file": "/home/mnunez/rti_repos/rticonnextdds-connector-js/test/nodejs/test_rticonnextdds_data_access.js",
      "duration": 0,
      "currentRetry": 0,
      "speed": "fast",
      "err": {}
    },
    {
      "title": "Reset an optional number",
      "fullTitle": "Tests with a testOutput and testInput Reset an optional number",
      "file": "/home/mnunez/rti_repos/rticonnextdds-connector-js/test/nodejs/test_rticonnextdds_data_access.js",
      "duration": 1,
      "currentRetry": 0,
      "speed": "fast",
      "err": {}
    },
    {
      "title": "Reset an optional bool",
      "fullTitle": "Tests with a testOutput and testInput Reset an optional bool",
      "file": "/home/mnunez/rti_repos/rticonnextdds-connector-js/test/nodejs/test_rticonnextdds_data_access.js",
      "duration": 1,
      "currentRetry": 0,
      "speed": "fast",
      "err": {}
    },
    {
      "title": "Reset an optional complex",
      "fullTitle": "Tests with a testOutput and testInput Reset an optional complex",
      "file": "/home/mnunez/rti_repos/rticonnextdds-connector-js/test/nodejs/test_rticonnextdds_data_access.js",
      "duration": 1,
      "currentRetry": 0,
      "speed": "fast",
      "err": {}
    },
    {
      "title": "Clear a sequence",
      "fullTitle": "Tests with a testOutput and testInput Clear a sequence",
      "file": "/home/mnunez/rti_repos/rticonnextdds-connector-js/test/nodejs/test_rticonnextdds_data_access.js",
      "duration": 1,
      "currentRetry": 0,
      "speed": "fast",
      "err": {}
    },
    {
      "title": "Clear a sequence with a JSON object",
      "fullTitle": "Tests with a testOutput and testInput Clear a sequence with a JSON object",
      "file": "/home/mnunez/rti_repos/rticonnextdds-connector-js/test/nodejs/test_rticonnextdds_data_access.js",
      "duration": 2,
      "currentRetry": 0,
      "speed": "fast",
      "err": {}
    },
    {
      "title": "Clear a non-existent member",
      "fullTitle": "Tests with a testOutput and testInput Clear a non-existent member",
      "file": "/home/mnunez/rti_repos/rticonnextdds-connector-js/test/nodejs/test_rticonnextdds_data_access.js",
      "duration": 0,
      "currentRetry": 0,
      "speed": "fast",
      "err": {}
    },
    {
      "title": "Reset a sequence",
      "fullTitle": "Tests with a testOutput and testInput Reset a sequence",
      "file": "/home/mnunez/rti_repos/rticonnextdds-connector-js/test/nodejs/test_rticonnextdds_data_access.js",
      "duration": 1,
      "currentRetry": 0,
      "speed": "fast",
      "err": {}
    },
    {
      "title": "Can clear an entire instance on an output",
      "fullTitle": "Tests with a testOutput and testInput Can clear an entire instance on an output",
      "file": "/home/mnunez/rti_repos/rticonnextdds-connector-js/test/nodejs/test_rticonnextdds_data_access.js",
      "duration": 0,
      "currentRetry": 0,
      "speed": "fast",
      "err": {}
    },
    {
      "title": "Can clear a value via the generic set function",
      "fullTitle": "Tests with a testOutput and testInput Can clear a value via the generic set function",
      "file": "/home/mnunez/rti_repos/rticonnextdds-connector-js/test/nodejs/test_rticonnextdds_data_access.js",
      "duration": 1,
      "currentRetry": 0,
      "speed": "fast",
      "err": {}
    },
    {
      "title": "Can clear a value via setString",
      "fullTitle": "Tests with a testOutput and testInput Can clear a value via setString",
      "file": "/home/mnunez/rti_repos/rticonnextdds-connector-js/test/nodejs/test_rticonnextdds_data_access.js",
      "duration": 0,
      "currentRetry": 0,
      "speed": "fast",
      "err": {}
    },
    {
      "title": "Check that setFromJson shrinks a sequence when it receives a smaller one",
      "fullTitle": "Tests with a testOutput and testInput Check that setFromJson shrinks a sequence when it receives a smaller one",
      "file": "/home/mnunez/rti_repos/rticonnextdds-connector-js/test/nodejs/test_rticonnextdds_data_access.js",
      "duration": 1,
      "currentRetry": 0,
      "speed": "fast",
      "err": {}
    },
    {
      "title": "Check the type-independent Instance.set and Sample.get method",
      "fullTitle": "Tests with a testOutput and testInput Check the type-independent Instance.set and Sample.get method",
      "file": "/home/mnunez/rti_repos/rticonnextdds-connector-js/test/nodejs/test_rticonnextdds_data_access.js",
      "duration": 1,
      "currentRetry": 0,
      "speed": "fast",
      "err": {}
    },
    {
      "title": "Reset an optional member using the type independent set method",
      "fullTitle": "Tests with a testOutput and testInput Reset an optional member using the type independent set method",
      "file": "/home/mnunez/rti_repos/rticonnextdds-connector-js/test/nodejs/test_rticonnextdds_data_access.js",
      "duration": 1,
      "currentRetry": 0,
      "speed": "fast",
      "err": {}
    },
    {
      "title": "Test nested JSON object syntax",
      "fullTitle": "Tests with a testOutput and testInput Test nested JSON object syntax",
      "file": "/home/mnunez/rti_repos/rticonnextdds-connector-js/test/nodejs/test_rticonnextdds_data_access.js",
      "duration": 1,
      "currentRetry": 0,
      "speed": "fast",
      "err": {}
    },
    {
      "title": "Use Instance.set to set a complex member",
      "fullTitle": "Tests with a testOutput and testInput Use Instance.set to set a complex member",
      "file": "/home/mnunez/rti_repos/rticonnextdds-connector-js/test/nodejs/test_rticonnextdds_data_access.js",
      "duration": 1,
      "currentRetry": 0,
      "speed": "fast",
      "err": {}
    },
    {
      "title": "Use Instance.set to set a list",
      "fullTitle": "Tests with a testOutput and testInput Use Instance.set to set a list",
      "file": "/home/mnunez/rti_repos/rticonnextdds-connector-js/test/nodejs/test_rticonnextdds_data_access.js",
      "duration": 0,
      "currentRetry": 0,
      "speed": "fast",
      "err": {}
    },
    {
      "title": "Can clear an element of a complex sequence",
      "fullTitle": "Tests with a testOutput and testInput Can clear an element of a complex sequence",
      "file": "/home/mnunez/rti_repos/rticonnextdds-connector-js/test/nodejs/test_rticonnextdds_data_access.js",
      "duration": 1,
      "currentRetry": 0,
      "speed": "fast",
      "err": {}
    },
    {
      "title": "Can set enum via name",
      "fullTitle": "Tests with a testOutput and testInput Can set enum via name",
      "file": "/home/mnunez/rti_repos/rticonnextdds-connector-js/test/nodejs/test_rticonnextdds_data_access.js",
      "duration": 1,
      "currentRetry": 0,
      "speed": "fast",
      "err": {}
    },
    {
      "title": "getNumber throws an error if value is out of range",
      "fullTitle": "Tests with a testOutput and testInput Tests with 64-bit integers getNumber throws an error if value is out of range",
      "file": "/home/mnunez/rti_repos/rticonnextdds-connector-js/test/nodejs/test_rticonnextdds_data_access.js",
      "duration": 1,
      "currentRetry": 0,
      "speed": "fast",
      "err": {}
    },
    {
      "title": "getNumber can retrieve values up to 2^53",
      "fullTitle": "Tests with a testOutput and testInput Tests with 64-bit integers getNumber can retrieve values up to 2^53",
      "file": "/home/mnunez/rti_repos/rticonnextdds-connector-js/test/nodejs/test_rticonnextdds_data_access.js",
      "duration": 1,
      "currentRetry": 0,
      "speed": "fast",
      "err": {}
    },
    {
      "title": "setNumber throws an error if value out of range",
      "fullTitle": "Tests with a testOutput and testInput Tests with 64-bit integers setNumber throws an error if value out of range",
      "file": "/home/mnunez/rti_repos/rticonnextdds-connector-js/test/nodejs/test_rticonnextdds_data_access.js",
      "duration": 0,
      "currentRetry": 0,
      "speed": "fast",
      "err": {}
    },
    {
      "title": "setNumber can set values up to 2^53 - 1",
      "fullTitle": "Tests with a testOutput and testInput Tests with 64-bit integers setNumber can set values up to 2^53 - 1",
      "file": "/home/mnunez/rti_repos/rticonnextdds-connector-js/test/nodejs/test_rticonnextdds_data_access.js",
      "duration": 0,
      "currentRetry": 0,
      "speed": "fast",
      "err": {}
    },
    {
      "title": "Can communicate large 64-bit numbers using getString and setString",
      "fullTitle": "Tests with a testOutput and testInput Tests with 64-bit integers Can communicate large 64-bit numbers using getString and setString",
      "file": "/home/mnunez/rti_repos/rticonnextdds-connector-js/test/nodejs/test_rticonnextdds_data_access.js",
      "duration": 0,
      "currentRetry": 0,
      "speed": "fast",
      "err": {}
    },
    {
      "title": "64-bit values larger than 2^53 are returned as strings by get",
      "fullTitle": "Tests with a testOutput and testInput Tests with 64-bit integers 64-bit values larger than 2^53 are returned as strings by get",
      "file": "/home/mnunez/rti_repos/rticonnextdds-connector-js/test/nodejs/test_rticonnextdds_data_access.js",
      "duration": 1,
      "currentRetry": 0,
      "speed": "fast",
      "err": {}
    },
    {
      "title": "64-bit values smaller or equal to 2^53 are returned as numbers by get",
      "fullTitle": "Tests with a testOutput and testInput Tests with 64-bit integers 64-bit values smaller or equal to 2^53 are returned as numbers by get",
      "file": "/home/mnunez/rti_repos/rticonnextdds-connector-js/test/nodejs/test_rticonnextdds_data_access.js",
      "duration": 1,
      "currentRetry": 0,
      "speed": "fast",
      "err": {}
    },
    {
      "title": "Can set large 64-bit numbers using type-agnostic setter",
      "fullTitle": "Tests with a testOutput and testInput Tests with 64-bit integers Can set large 64-bit numbers using type-agnostic setter",
      "file": "/home/mnunez/rti_repos/rticonnextdds-connector-js/test/nodejs/test_rticonnextdds_data_access.js",
      "duration": 1,
      "currentRetry": 0,
      "speed": "fast",
      "err": {}
    },
    {
      "title": "The JSON getter cannot handle large integers",
      "fullTitle": "Tests with a testOutput and testInput Tests with 64-bit integers The JSON getter cannot handle large integers",
      "file": "/home/mnunez/rti_repos/rticonnextdds-connector-js/test/nodejs/test_rticonnextdds_data_access.js",
      "duration": 1,
      "currentRetry": 0,
      "speed": "fast",
      "err": {}
    },
    {
      "title": "waiting for data on connector should timeout",
      "fullTitle": "Tests with two readers and two writers waiting for data on connector should timeout",
      "file": "/home/mnunez/rti_repos/rticonnextdds-connector-js/test/nodejs/test_rticonnextdds_data_access.js",
      "duration": 501,
      "currentRetry": 0,
      "speed": "slow",
      "err": {}
    },
    {
      "title": "waiting for data on testInput should timeout",
      "fullTitle": "Tests with two readers and two writers waiting for data on testInput should timeout",
      "file": "/home/mnunez/rti_repos/rticonnextdds-connector-js/test/nodejs/test_rticonnextdds_data_access.js",
      "duration": 501,
      "currentRetry": 0,
      "speed": "slow",
      "err": {}
    },
    {
      "title": "waiting for data on testInput2 should timeout",
      "fullTitle": "Tests with two readers and two writers waiting for data on testInput2 should timeout",
      "file": "/home/mnunez/rti_repos/rticonnextdds-connector-js/test/nodejs/test_rticonnextdds_data_access.js",
      "duration": 501,
      "currentRetry": 0,
      "speed": "slow",
      "err": {}
    },
    {
      "title": "Writing data on a testOutput1 should wake up connector.wait",
      "fullTitle": "Tests with two readers and two writers Writing data on a testOutput1 should wake up connector.wait",
      "file": "/home/mnunez/rti_repos/rticonnextdds-connector-js/test/nodejs/test_rticonnextdds_data_access.js",
      "duration": 0,
      "currentRetry": 0,
      "speed": "fast",
      "err": {}
    },
    {
      "title": "Writing data on a testOutput1 should wake up testInput1.wait",
      "fullTitle": "Tests with two readers and two writers Writing data on a testOutput1 should wake up testInput1.wait",
      "file": "/home/mnunez/rti_repos/rticonnextdds-connector-js/test/nodejs/test_rticonnextdds_data_access.js",
      "duration": 0,
      "currentRetry": 0,
      "speed": "fast",
      "err": {}
    },
    {
      "title": "Writing data on a testOutput1 should not wake up testInput2.wait",
      "fullTitle": "Tests with two readers and two writers Writing data on a testOutput1 should not wake up testInput2.wait",
      "file": "/home/mnunez/rti_repos/rticonnextdds-connector-js/test/nodejs/test_rticonnextdds_data_access.js",
      "duration": 501,
      "currentRetry": 0,
      "speed": "slow",
      "err": {}
    },
    {
      "title": "Writing data on a testOutput2 should wake up connector.wait",
      "fullTitle": "Tests with two readers and two writers Writing data on a testOutput2 should wake up connector.wait",
      "file": "/home/mnunez/rti_repos/rticonnextdds-connector-js/test/nodejs/test_rticonnextdds_data_access.js",
      "duration": 1,
      "currentRetry": 0,
      "speed": "fast",
      "err": {}
    },
    {
      "title": "Writing data on a testOutput2 should wake up testInput2.wait",
      "fullTitle": "Tests with two readers and two writers Writing data on a testOutput2 should wake up testInput2.wait",
      "file": "/home/mnunez/rti_repos/rticonnextdds-connector-js/test/nodejs/test_rticonnextdds_data_access.js",
      "duration": 0,
      "currentRetry": 0,
      "speed": "fast",
      "err": {}
    },
    {
      "title": "Writing data on a testOutput2 should not wake up testInput1.wait",
      "fullTitle": "Tests with two readers and two writers Writing data on a testOutput2 should not wake up testInput1.wait",
      "file": "/home/mnunez/rti_repos/rticonnextdds-connector-js/test/nodejs/test_rticonnextdds_data_access.js",
      "duration": 501,
      "currentRetry": 0,
      "speed": "slow",
      "err": {}
    },
    {
      "title": "Check sample iterator and iterable",
      "fullTitle": "Test the iteration of Input Samples Check sample iterator and iterable",
      "file": "/home/mnunez/rti_repos/rticonnextdds-connector-js/test/nodejs/test_rticonnextdds_data_iterators.js",
      "duration": 2,
      "currentRetry": 0,
      "speed": "fast",
      "err": {}
    },
    {
      "title": "Check valid data sample iterator and iterable",
      "fullTitle": "Test the iteration of Input Samples Check valid data sample iterator and iterable",
      "file": "/home/mnunez/rti_repos/rticonnextdds-connector-js/test/nodejs/test_rticonnextdds_data_iterators.js",
      "duration": 2,
      "currentRetry": 0,
      "speed": "fast",
      "err": {}
    },
    {
      "title": "Check that validDataIter does not iterate over no data",
      "fullTitle": "Test the iteration of Input Samples Check that validDataIter does not iterate over no data",
      "file": "/home/mnunez/rti_repos/rticonnextdds-connector-js/test/nodejs/test_rticonnextdds_data_iterators.js",
      "duration": 0,
      "currentRetry": 0,
      "speed": "fast",
      "err": {}
    },
    {
      "title": "Check that iterator does not iterate over no data",
      "fullTitle": "Test the iteration of Input Samples Check that iterator does not iterate over no data",
      "file": "/home/mnunez/rti_repos/rticonnextdds-connector-js/test/nodejs/test_rticonnextdds_data_iterators.js",
      "duration": 1,
      "currentRetry": 0,
      "speed": "fast",
      "err": {}
    },
    {
      "title": "Dispose should not have validData set to true",
      "fullTitle": "Test dispose Dispose should not have validData set to true",
      "file": "/home/mnunez/rti_repos/rticonnextdds-connector-js/test/nodejs/test_rticonnextdds_data_iterators.js",
      "duration": 0,
      "currentRetry": 0,
      "speed": "fast",
      "err": {}
    },
    {
      "title": "ValidSampleIterator should not iterator over disposes",
      "fullTitle": "Test dispose ValidSampleIterator should not iterator over disposes",
      "file": "/home/mnunez/rti_repos/rticonnextdds-connector-js/test/nodejs/test_rticonnextdds_data_iterators.js",
      "duration": 0,
      "currentRetry": 0,
      "speed": "fast",
      "err": {}
    },
    {
      "title": "Unregister should not have validData set to true",
      "fullTitle": "Test unregister Unregister should not have validData set to true",
      "file": "/home/mnunez/rti_repos/rticonnextdds-connector-js/test/nodejs/test_rticonnextdds_data_iterators.js",
      "duration": 0,
      "currentRetry": 0,
      "speed": "fast",
      "err": {}
    },
    {
      "title": "ValidSampleIterator should not iterator over unregisters",
      "fullTitle": "Test unregister ValidSampleIterator should not iterator over unregisters",
      "file": "/home/mnunez/rti_repos/rticonnextdds-connector-js/test/nodejs/test_rticonnextdds_data_iterators.js",
      "duration": 0,
      "currentRetry": 0,
      "speed": "fast",
      "err": {}
    },
    {
      "title": "samples length should be 1",
      "fullTitle": "DataflowTests for read samples length should be 1",
      "file": "/home/mnunez/rti_repos/rticonnextdds-connector-js/test/nodejs/test_rticonnextdds_dataflow.js",
      "duration": 0,
      "currentRetry": 0,
      "speed": "fast",
      "err": {}
    },
    {
      "title": "infos length should be 1",
      "fullTitle": "DataflowTests for read infos length should be 1",
      "file": "/home/mnunez/rti_repos/rticonnextdds-connector-js/test/nodejs/test_rticonnextdds_dataflow.js",
      "duration": 0,
      "currentRetry": 0,
      "speed": "fast",
      "err": {}
    },
    {
      "title": "data received should be valid",
      "fullTitle": "DataflowTests for read data received should be valid",
      "file": "/home/mnunez/rti_repos/rticonnextdds-connector-js/test/nodejs/test_rticonnextdds_dataflow.js",
      "duration": 0,
      "currentRetry": 0,
      "speed": "fast",
      "err": {}
    },
    {
      "title": "",
      "fullTitle": "DataflowTests for read ",
      "file": "/home/mnunez/rti_repos/rticonnextdds-connector-js/test/nodejs/test_rticonnextdds_dataflow.js",
      "currentRetry": 0,
      "err": {}
    },
    {
      "title": "received JSON representation of data should be the same as the JSON object sent",
      "fullTitle": "DataflowTests for read received JSON representation of data should be the same as the JSON object sent",
      "file": "/home/mnunez/rti_repos/rticonnextdds-connector-js/test/nodejs/test_rticonnextdds_dataflow.js",
      "duration": 0,
      "currentRetry": 0,
      "speed": "fast",
      "err": {}
    },
    {
      "title": "received fields of data should be the same as that of the JSON object sent",
      "fullTitle": "DataflowTests for read received fields of data should be the same as that of the JSON object sent",
      "file": "/home/mnunez/rti_repos/rticonnextdds-connector-js/test/nodejs/test_rticonnextdds_dataflow.js",
      "duration": 0,
      "currentRetry": 0,
      "speed": "fast",
      "err": {}
    },
    {
      "title": "getting a number or string field as a boolean should fail in the core",
      "fullTitle": "DataflowTests for read getting a number or string field as a boolean should fail in the core",
      "file": "/home/mnunez/rti_repos/rticonnextdds-connector-js/test/nodejs/test_rticonnextdds_dataflow.js",
      "duration": 0,
      "currentRetry": 0,
      "speed": "fast",
      "err": {}
    },
    {
      "title": "should be possible to obtain a number as a string",
      "fullTitle": "DataflowTests for read should be possible to obtain a number as a string",
      "file": "/home/mnunez/rti_repos/rticonnextdds-connector-js/test/nodejs/test_rticonnextdds_dataflow.js",
      "duration": 0,
      "currentRetry": 0,
      "speed": "fast",
      "err": {}
    },
    {
      "title": "should not be possible to obtain a boolean as a string",
      "fullTitle": "DataflowTests for read should not be possible to obtain a boolean as a string",
      "file": "/home/mnunez/rti_repos/rticonnextdds-connector-js/test/nodejs/test_rticonnextdds_dataflow.js",
      "duration": 0,
      "currentRetry": 0,
      "speed": "fast",
      "err": {}
    },
    {
      "title": "should be possible to get a boolean field as a number",
      "fullTitle": "DataflowTests for read should be possible to get a boolean field as a number",
      "file": "/home/mnunez/rti_repos/rticonnextdds-connector-js/test/nodejs/test_rticonnextdds_dataflow.js",
      "duration": 0,
      "currentRetry": 0,
      "speed": "fast",
      "err": {}
    },
    {
      "title": "should not be possible to get a string field as a number",
      "fullTitle": "DataflowTests for read should not be possible to get a string field as a number",
      "file": "/home/mnunez/rti_repos/rticonnextdds-connector-js/test/nodejs/test_rticonnextdds_dataflow.js",
      "duration": 0,
      "currentRetry": 0,
      "speed": "fast",
      "err": {}
    },
    {
      "title": "samples length should be 1",
      "fullTitle": "DataflowTests for take samples length should be 1",
      "file": "/home/mnunez/rti_repos/rticonnextdds-connector-js/test/nodejs/test_rticonnextdds_dataflow.js",
      "duration": 0,
      "currentRetry": 0,
      "speed": "fast",
      "err": {}
    },
    {
      "title": "infos length should be 1",
      "fullTitle": "DataflowTests for take infos length should be 1",
      "file": "/home/mnunez/rti_repos/rticonnextdds-connector-js/test/nodejs/test_rticonnextdds_dataflow.js",
      "duration": 0,
      "currentRetry": 0,
      "speed": "fast",
      "err": {}
    },
    {
      "title": "data received should be valid",
      "fullTitle": "DataflowTests for take data received should be valid",
      "file": "/home/mnunez/rti_repos/rticonnextdds-connector-js/test/nodejs/test_rticonnextdds_dataflow.js",
      "duration": 0,
      "currentRetry": 0,
      "speed": "fast",
      "err": {}
    },
    {
      "title": "",
      "fullTitle": "DataflowTests for take ",
      "file": "/home/mnunez/rti_repos/rticonnextdds-connector-js/test/nodejs/test_rticonnextdds_dataflow.js",
      "currentRetry": 0,
      "err": {}
    },
    {
      "title": "received JSON representation of data should be the same as the JSON object sent",
      "fullTitle": "DataflowTests for take received JSON representation of data should be the same as the JSON object sent",
      "file": "/home/mnunez/rti_repos/rticonnextdds-connector-js/test/nodejs/test_rticonnextdds_dataflow.js",
      "duration": 0,
      "currentRetry": 0,
      "speed": "fast",
      "err": {}
    },
    {
      "title": "received fields of data should be the same as that of the JSON object sent",
      "fullTitle": "DataflowTests for take received fields of data should be the same as that of the JSON object sent",
      "file": "/home/mnunez/rti_repos/rticonnextdds-connector-js/test/nodejs/test_rticonnextdds_dataflow.js",
      "duration": 0,
      "currentRetry": 0,
      "speed": "fast",
      "err": {}
    },
    {
      "title": "getting a number or string field as a boolean should fail in the core",
      "fullTitle": "DataflowTests for take getting a number or string field as a boolean should fail in the core",
      "file": "/home/mnunez/rti_repos/rticonnextdds-connector-js/test/nodejs/test_rticonnextdds_dataflow.js",
      "duration": 1,
      "currentRetry": 0,
      "speed": "fast",
      "err": {}
    },
    {
      "title": "should be possible to obtain a number as a string",
      "fullTitle": "DataflowTests for take should be possible to obtain a number as a string",
      "file": "/home/mnunez/rti_repos/rticonnextdds-connector-js/test/nodejs/test_rticonnextdds_dataflow.js",
      "duration": 0,
      "currentRetry": 0,
      "speed": "fast",
      "err": {}
    },
    {
      "title": "should not be possible to obtain a boolean as a string",
      "fullTitle": "DataflowTests for take should not be possible to obtain a boolean as a string",
      "file": "/home/mnunez/rti_repos/rticonnextdds-connector-js/test/nodejs/test_rticonnextdds_dataflow.js",
      "duration": 0,
      "currentRetry": 0,
      "speed": "fast",
      "err": {}
    },
    {
      "title": "should be possible to get a boolean field as a number",
      "fullTitle": "DataflowTests for take should be possible to get a boolean field as a number",
      "file": "/home/mnunez/rti_repos/rticonnextdds-connector-js/test/nodejs/test_rticonnextdds_dataflow.js",
      "duration": 0,
      "currentRetry": 0,
      "speed": "fast",
      "err": {}
    },
    {
      "title": "should not be possible to get a string field as a number",
      "fullTitle": "DataflowTests for take should not be possible to get a string field as a number",
      "file": "/home/mnunez/rti_repos/rticonnextdds-connector-js/test/nodejs/test_rticonnextdds_dataflow.js",
      "duration": 0,
      "currentRetry": 0,
      "speed": "fast",
      "err": {}
    },
    {
      "title": "Create a Connector object with an input and no output",
      "fullTitle": "Discovery tests Create a Connector object with an input and no output",
      "file": "/home/mnunez/rti_repos/rticonnextdds-connector-js/test/nodejs/test_rticonnextdds_discovery.js",
      "duration": 523,
      "currentRetry": 0,
      "speed": "slow",
      "err": {}
    },
    {
      "title": "Create a Connector object with an output and no input",
      "fullTitle": "Discovery tests Create a Connector object with an output and no input",
      "file": "/home/mnunez/rti_repos/rticonnextdds-connector-js/test/nodejs/test_rticonnextdds_discovery.js",
      "duration": 525,
      "currentRetry": 0,
      "speed": "slow",
      "err": {}
    },
    {
      "title": "Check matching between a single input and output",
      "fullTitle": "Discovery tests Check matching between a single input and output",
      "file": "/home/mnunez/rti_repos/rticonnextdds-connector-js/test/nodejs/test_rticonnextdds_discovery.js",
      "duration": 25,
      "currentRetry": 0,
      "speed": "fast",
      "err": {}
    },
    {
      "title": "Check matching with multiple inputs",
      "fullTitle": "Discovery tests Check matching with multiple inputs",
      "file": "/home/mnunez/rti_repos/rticonnextdds-connector-js/test/nodejs/test_rticonnextdds_discovery.js",
      "duration": 1538,
      "currentRetry": 0,
      "speed": "slow",
      "err": {}
    },
    {
      "title": "Check matching with multiple outputs",
      "fullTitle": "Discovery tests Check matching with multiple outputs",
      "file": "/home/mnunez/rti_repos/rticonnextdds-connector-js/test/nodejs/test_rticonnextdds_discovery.js",
      "duration": 1528,
      "currentRetry": 0,
      "speed": "slow",
      "err": {}
    },
    {
      "title": "Checking unmatching from an input",
      "fullTitle": "Discovery tests Checking unmatching from an input",
      "file": "/home/mnunez/rti_repos/rticonnextdds-connector-js/test/nodejs/test_rticonnextdds_discovery.js",
      "duration": 1461,
      "currentRetry": 0,
      "speed": "slow",
      "err": {}
    },
    {
      "title": "Checking unmatching from an output",
      "fullTitle": "Discovery tests Checking unmatching from an output",
      "file": "/home/mnunez/rti_repos/rticonnextdds-connector-js/test/nodejs/test_rticonnextdds_discovery.js",
      "duration": 1470,
      "currentRetry": 0,
      "speed": "slow",
      "err": {}
    },
    {
      "title": "Matching entities with empty entity names",
      "fullTitle": "Discovery tests Matching entities with empty entity names",
      "file": "/home/mnunez/rti_repos/rticonnextdds-connector-js/test/nodejs/test_rticonnextdds_discovery.js",
      "duration": 33,
      "currentRetry": 0,
      "speed": "fast",
      "err": {}
    },
    {
      "title": "Matching entities with no entity names",
      "fullTitle": "Discovery tests Matching entities with no entity names",
      "file": "/home/mnunez/rti_repos/rticonnextdds-connector-js/test/nodejs/test_rticonnextdds_discovery.js",
      "duration": 36,
      "currentRetry": 0,
      "speed": "fast",
      "err": {}
    },
    {
      "title": "waitForPublications timeout defaults to infinity",
      "fullTitle": "Discovery tests waitForPublications timeout defaults to infinity",
      "file": "/home/mnunez/rti_repos/rticonnextdds-connector-js/test/nodejs/test_rticonnextdds_discovery.js",
      "duration": 1038,
      "currentRetry": 0,
      "speed": "slow",
      "err": {}
    },
    {
      "title": "waitForSubscriptions timeout defaults to infinity",
      "fullTitle": "Discovery tests waitForSubscriptions timeout defaults to infinity",
      "file": "/home/mnunez/rti_repos/rticonnextdds-connector-js/test/nodejs/test_rticonnextdds_discovery.js",
      "duration": 1025,
      "currentRetry": 0,
      "speed": "slow",
      "err": {}
    },
    {
      "title": "waitForPublications timeout must be a valid number",
      "fullTitle": "Discovery tests waitForPublications timeout must be a valid number",
      "file": "/home/mnunez/rti_repos/rticonnextdds-connector-js/test/nodejs/test_rticonnextdds_discovery.js",
      "duration": 36,
      "currentRetry": 0,
      "speed": "fast",
      "err": {}
    },
    {
      "title": "waitForSubscriptions timeout must be a valid number",
      "fullTitle": "Discovery tests waitForSubscriptions timeout must be a valid number",
      "file": "/home/mnunez/rti_repos/rticonnextdds-connector-js/test/nodejs/test_rticonnextdds_discovery.js",
      "duration": 24,
      "currentRetry": 0,
      "speed": "fast",
      "err": {}
    },
    {
      "title": "Callback should be called when event is emitted",
      "fullTitle": "Connector EventEmitter tests Callback should be called when event is emitted",
      "file": "/home/mnunez/rti_repos/rticonnextdds-connector-js/test/nodejs/test_rticonnextdds_events.js",
      "duration": 0,
      "currentRetry": 0,
      "speed": "fast",
      "err": {}
    },
    {
      "title": "When no data is written, no event should be emitted",
      "fullTitle": "Connector EventEmitter tests When no data is written, no event should be emitted",
      "file": "/home/mnunez/rti_repos/rticonnextdds-connector-js/test/nodejs/test_rticonnextdds_events.js",
      "duration": 251,
      "currentRetry": 0,
      "speed": "slow",
      "err": {}
    },
    {
      "title": "It should not be possible to register the event listener and have a Promise waiting for data simultaneously",
      "fullTitle": "Connector EventEmitter tests It should not be possible to register the event listener and have a Promise waiting for data simultaneously",
      "file": "/home/mnunez/rti_repos/rticonnextdds-connector-js/test/nodejs/test_rticonnextdds_events.js",
      "duration": 0,
      "currentRetry": 0,
      "speed": "fast",
      "err": {}
    },
    {
      "title": "Using .removeAllListeners() should remove all eventListeners",
      "fullTitle": "Connector EventEmitter tests Using .removeAllListeners() should remove all eventListeners",
      "file": "/home/mnunez/rti_repos/rticonnextdds-connector-js/test/nodejs/test_rticonnextdds_events.js",
      "duration": 0,
      "currentRetry": 0,
      "speed": "fast",
      "err": {}
    },
    {
      "title": "Should be possible to re-use a Connector after calling waitForCallbackFinalization",
      "fullTitle": "Connector EventEmitter tests Should be possible to re-use a Connector after calling waitForCallbackFinalization",
      "file": "/home/mnunez/rti_repos/rticonnextdds-connector-js/test/nodejs/test_rticonnextdds_events.js",
      "duration": 602,
      "currentRetry": 0,
      "speed": "slow",
      "err": {}
    },
    {
      "title": "Event should be emitted when data is available on an input",
      "fullTitle": "Connector EventEmitter tests Event should be emitted when data is available on an input",
      "file": "/home/mnunez/rti_repos/rticonnextdds-connector-js/test/nodejs/test_rticonnextdds_events.js",
      "duration": 1,
      "currentRetry": 0,
      "speed": "fast",
      "err": {}
    },
    {
      "title": "Connector.once() should automatically unregister the callback after data is received",
      "fullTitle": "Connector EventEmitter tests Connector.once() should automatically unregister the callback after data is received",
      "file": "/home/mnunez/rti_repos/rticonnextdds-connector-js/test/nodejs/test_rticonnextdds_events.js",
      "duration": 1,
      "currentRetry": 0,
      "speed": "fast",
      "err": {}
    },
    {
      "title": "Should be possible to add multiple callbacks for the same event",
      "fullTitle": "Connector EventEmitter tests Should be possible to add multiple callbacks for the same event",
      "file": "/home/mnunez/rti_repos/rticonnextdds-connector-js/test/nodejs/test_rticonnextdds_events.js",
      "duration": 1,
      "currentRetry": 0,
      "speed": "fast",
      "err": {}
    },
    {
      "title": "Possible to uninstall the eventListener with .off()",
      "fullTitle": "Connector EventEmitter tests Possible to uninstall the eventListener with .off()",
      "file": "/home/mnunez/rti_repos/rticonnextdds-connector-js/test/nodejs/test_rticonnextdds_events.js",
      "duration": 251,
      "currentRetry": 0,
      "speed": "slow",
      "err": {}
    },
    {
      "title": "Using .off() should only unregister the supplied callback, if multiple are registered",
      "fullTitle": "Connector EventEmitter tests Using .off() should only unregister the supplied callback, if multiple are registered",
      "file": "/home/mnunez/rti_repos/rticonnextdds-connector-js/test/nodejs/test_rticonnextdds_events.js",
      "duration": 1,
      "currentRetry": 0,
      "speed": "fast",
      "err": {}
    },
    {
      "title": "Input object should not get instantiated for invalid DataReader",
      "fullTitle": "Input Tests Input object should not get instantiated for invalid DataReader",
      "file": "/home/mnunez/rti_repos/rticonnextdds-connector-js/test/nodejs/test_rticonnextdds_input.js",
      "duration": 1,
      "currentRetry": 0,
      "speed": "fast",
      "err": {}
    },
    {
      "title": "Input object should get instantiated for valid Subscription::DataReader name",
      "fullTitle": "Input Tests Input object should get instantiated for valid Subscription::DataReader name",
      "file": "/home/mnunez/rti_repos/rticonnextdds-connector-js/test/nodejs/test_rticonnextdds_input.js",
      "duration": 0,
      "currentRetry": 0,
      "speed": "fast",
      "err": {}
    },
    {
      "title": "Entities should not auto-discover each other if QoS is set appropriately",
      "fullTitle": "Subscriber not automatically enabled tests Entities should not auto-discover each other if QoS is set appropriately",
      "file": "/home/mnunez/rti_repos/rticonnextdds-connector-js/test/nodejs/test_rticonnextdds_input.js",
      "duration": 501,
      "currentRetry": 0,
      "speed": "slow",
      "err": {}
    },
    {
      "title": "Calling getInput should enable the input",
      "fullTitle": "Subscriber not automatically enabled tests Calling getInput should enable the input",
      "file": "/home/mnunez/rti_repos/rticonnextdds-connector-js/test/nodejs/test_rticonnextdds_input.js",
      "duration": 2,
      "currentRetry": 0,
      "speed": "fast",
      "err": {}
    },
    {
      "title": "Should be possible to call an API in the Connector library which is not in the binding ",
      "fullTitle": "Native call on a DataReader Should be possible to call an API in the Connector library which is not in the binding ",
      "file": "/home/mnunez/rti_repos/rticonnextdds-connector-js/test/nodejs/test_rticonnextdds_input.js",
      "duration": 532,
      "currentRetry": 0,
      "speed": "slow",
      "err": {}
    },
    {
      "title": "test write with source_timestamp",
      "fullTitle": "Test operations involving meta data test write with source_timestamp",
      "file": "/home/mnunez/rti_repos/rticonnextdds-connector-js/test/nodejs/test_rticonnextdds_metadata.js",
      "duration": 1,
      "currentRetry": 0,
      "speed": "fast",
      "err": {}
    },
    {
      "title": "test write with identity",
      "fullTitle": "Test operations involving meta data test write with identity",
      "file": "/home/mnunez/rti_repos/rticonnextdds-connector-js/test/nodejs/test_rticonnextdds_metadata.js",
      "duration": 1,
      "currentRetry": 0,
      "speed": "fast",
      "err": {}
    },
    {
      "title": "test write with related_sample_identity",
      "fullTitle": "Test operations involving meta data test write with related_sample_identity",
      "file": "/home/mnunez/rti_repos/rticonnextdds-connector-js/test/nodejs/test_rticonnextdds_metadata.js",
      "duration": 0,
      "currentRetry": 0,
      "speed": "fast",
      "err": {}
    },
    {
      "title": "test write with unsupported params",
      "fullTitle": "Test operations involving meta data test write with unsupported params",
      "file": "/home/mnunez/rti_repos/rticonnextdds-connector-js/test/nodejs/test_rticonnextdds_metadata.js",
      "duration": 0,
      "currentRetry": 0,
      "speed": "fast",
      "err": {}
    },
    {
      "title": "test write with invalid action",
      "fullTitle": "Test operations involving meta data test write with invalid action",
      "file": "/home/mnunez/rti_repos/rticonnextdds-connector-js/test/nodejs/test_rticonnextdds_metadata.js",
      "duration": 0,
      "currentRetry": 0,
      "speed": "fast",
      "err": {}
    },
    {
      "title": "test write with invalid source_timestamp",
      "fullTitle": "Test operations involving meta data test write with invalid source_timestamp",
      "file": "/home/mnunez/rti_repos/rticonnextdds-connector-js/test/nodejs/test_rticonnextdds_metadata.js",
      "duration": 1,
      "currentRetry": 0,
      "speed": "fast",
      "err": {}
    },
    {
      "title": "test write with invalid guid",
      "fullTitle": "Test operations involving meta data test write with invalid guid",
      "file": "/home/mnunez/rti_repos/rticonnextdds-connector-js/test/nodejs/test_rticonnextdds_metadata.js",
      "duration": 0,
      "currentRetry": 0,
      "speed": "fast",
      "err": {}
    },
    {
      "title": "test write with invalid sequence_number",
      "fullTitle": "Test operations involving meta data test write with invalid sequence_number",
      "file": "/home/mnunez/rti_repos/rticonnextdds-connector-js/test/nodejs/test_rticonnextdds_metadata.js",
      "duration": 0,
      "currentRetry": 0,
      "speed": "fast",
      "err": {}
    },
    {
      "title": "test metadata from write without params",
      "fullTitle": "Test operations involving meta data test metadata from write without params",
      "file": "/home/mnunez/rti_repos/rticonnextdds-connector-js/test/nodejs/test_rticonnextdds_metadata.js",
      "duration": 2,
      "currentRetry": 0,
      "speed": "fast",
      "err": {}
    },
    {
      "title": "test getting sample_state",
      "fullTitle": "Test operations involving meta data test getting sample_state",
      "file": "/home/mnunez/rti_repos/rticonnextdds-connector-js/test/nodejs/test_rticonnextdds_metadata.js",
      "duration": 0,
      "currentRetry": 0,
      "speed": "fast",
      "err": {}
    },
    {
      "title": "test getting instance state",
      "fullTitle": "Test operations involving meta data test getting instance state",
      "file": "/home/mnunez/rti_repos/rticonnextdds-connector-js/test/nodejs/test_rticonnextdds_metadata.js",
      "duration": 1,
      "currentRetry": 0,
      "speed": "fast",
      "err": {}
    },
    {
      "title": "test getting sample view state",
      "fullTitle": "Test operations involving meta data test getting sample view state",
      "file": "/home/mnunez/rti_repos/rticonnextdds-connector-js/test/nodejs/test_rticonnextdds_metadata.js",
      "duration": 1,
      "currentRetry": 0,
      "speed": "fast",
      "err": {}
    },
    {
      "title": "access key value of disposed instance",
      "fullTitle": "accessing key values after instance disposal access key value of disposed instance",
      "file": "/home/mnunez/rti_repos/rticonnextdds-connector-js/test/nodejs/test_rticonnextdds_metadata.js",
      "duration": 1,
      "currentRetry": 0,
      "speed": "fast",
      "err": {}
    },
    {
      "title": "access key values of disposed instance with multiple keys",
      "fullTitle": "accessing key values after instance disposal access key values of disposed instance with multiple keys",
      "file": "/home/mnunez/rti_repos/rticonnextdds-connector-js/test/nodejs/test_rticonnextdds_metadata.js",
      "duration": 1,
      "currentRetry": 0,
      "speed": "fast",
      "err": {}
    },
    {
      "title": "access the complex key of a disposed instance",
      "fullTitle": "accessing key values after instance disposal access the complex key of a disposed instance",
      "file": "/home/mnunez/rti_repos/rticonnextdds-connector-js/test/nodejs/test_rticonnextdds_metadata.js",
      "duration": 2,
      "currentRetry": 0,
      "speed": "fast",
      "err": {}
    },
    {
      "title": "access the key fields using an iterator",
      "fullTitle": "accessing key values after instance disposal access the key fields using an iterator",
      "file": "/home/mnunez/rti_repos/rticonnextdds-connector-js/test/nodejs/test_rticonnextdds_metadata.js",
      "duration": 2,
      "currentRetry": 0,
      "speed": "fast",
      "err": {}
    },
    {
      "title": "keys within nested structures are not keys unless tagged as keys in top level",
      "fullTitle": "accessing key values after instance disposal keys within nested structures are not keys unless tagged as keys in top level",
      "file": "/home/mnunez/rti_repos/rticonnextdds-connector-js/test/nodejs/test_rticonnextdds_metadata.js",
      "duration": 1,
      "currentRetry": 0,
      "speed": "fast",
      "err": {}
    },
    {
      "title": "Output object should not get instantiated for invalid DataWriter",
      "fullTitle": "Output Tests Output object should not get instantiated for invalid DataWriter",
      "file": "/home/mnunez/rti_repos/rticonnextdds-connector-js/test/nodejs/test_rticonnextdds_output.js",
      "duration": 1,
      "currentRetry": 0,
      "speed": "fast",
      "err": {}
    },
    {
      "title": "Output object should get instantiated for valid Publication::DataWriter name",
      "fullTitle": "Output Tests Output object should get instantiated for valid Publication::DataWriter name",
      "file": "/home/mnunez/rti_repos/rticonnextdds-connector-js/test/nodejs/test_rticonnextdds_output.js",
      "duration": 0,
      "currentRetry": 0,
      "speed": "fast",
      "err": {}
    },
    {
      "title": "Can wait for acknowledgements on a reliable DataWriter",
      "fullTitle": "Output Tests Can wait for acknowledgements on a reliable DataWriter",
      "file": "/home/mnunez/rti_repos/rticonnextdds-connector-js/test/nodejs/test_rticonnextdds_output.js",
      "duration": 5999,
      "currentRetry": 0,
      "speed": "slow",
      "err": {}
    },
    {
      "title": "output's instance should exist",
      "fullTitle": "Output Tests output's instance should exist",
      "file": "/home/mnunez/rti_repos/rticonnextdds-connector-js/test/nodejs/test_rticonnextdds_output.js",
      "duration": 0,
      "currentRetry": 0,
      "speed": "fast",
      "err": {}
    },
    {
      "title": "setNumber on non-existent field should throw error and subscriber should not get a message with default values",
      "fullTitle": "Output Tests setNumber on non-existent field should throw error and subscriber should not get a message with default values",
      "file": "/home/mnunez/rti_repos/rticonnextdds-connector-js/test/nodejs/test_rticonnextdds_output.js",
      "duration": 1,
      "currentRetry": 0,
      "speed": "fast",
      "err": {}
    },
    {
      "title": "setString on non-existent field should throw error and subscriber should not get a message with default values",
      "fullTitle": "Output Tests setString on non-existent field should throw error and subscriber should not get a message with default values",
      "file": "/home/mnunez/rti_repos/rticonnextdds-connector-js/test/nodejs/test_rticonnextdds_output.js",
      "duration": 0,
      "currentRetry": 0,
      "speed": "fast",
      "err": {}
    },
    {
      "title": "setBoolean on non-existent field should throw error and subscriber should not get a message with default values",
      "fullTitle": "Output Tests setBoolean on non-existent field should throw error and subscriber should not get a message with default values",
      "file": "/home/mnunez/rti_repos/rticonnextdds-connector-js/test/nodejs/test_rticonnextdds_output.js",
      "duration": 0,
      "currentRetry": 0,
      "speed": "fast",
      "err": {}
    },
    {
      "title": "setFromJSON should throw error for a JSON object with non-existent fields and subscriber should not get a message with default values",
      "fullTitle": "Output Tests setFromJSON should throw error for a JSON object with non-existent fields and subscriber should not get a message with default values",
      "file": "/home/mnunez/rti_repos/rticonnextdds-connector-js/test/nodejs/test_rticonnextdds_output.js",
      "duration": 1,
      "currentRetry": 0,
      "speed": "fast",
      "err": {}
    },
    {
      "title": "setString with boolean value should throw Error",
      "fullTitle": "Output Tests setString with boolean value should throw Error",
      "file": "/home/mnunez/rti_repos/rticonnextdds-connector-js/test/nodejs/test_rticonnextdds_output.js",
      "duration": 0,
      "currentRetry": 0,
      "speed": "fast",
      "err": {}
    },
    {
      "title": "setString with number value should throw Error",
      "fullTitle": "Output Tests setString with number value should throw Error",
      "file": "/home/mnunez/rti_repos/rticonnextdds-connector-js/test/nodejs/test_rticonnextdds_output.js",
      "duration": 0,
      "currentRetry": 0,
      "speed": "fast",
      "err": {}
    },
    {
      "title": "setString with JSON value should throw Error",
      "fullTitle": "Output Tests setString with JSON value should throw Error",
      "file": "/home/mnunez/rti_repos/rticonnextdds-connector-js/test/nodejs/test_rticonnextdds_output.js",
      "duration": 0,
      "currentRetry": 0,
      "speed": "fast",
      "err": {}
    },
    {
      "title": "setNumber with string value should throw Error andsubscriber should not get a message with erroneous field data",
      "fullTitle": "Output Tests setNumber with string value should throw Error andsubscriber should not get a message with erroneous field data",
      "file": "/home/mnunez/rti_repos/rticonnextdds-connector-js/test/nodejs/test_rticonnextdds_output.js",
      "duration": 1,
      "currentRetry": 0,
      "speed": "fast",
      "err": {}
    },
    {
      "title": "Implicit type-conversion for setNumber with boolean value",
      "fullTitle": "Output Tests Implicit type-conversion for setNumber with boolean value",
      "file": "/home/mnunez/rti_repos/rticonnextdds-connector-js/test/nodejs/test_rticonnextdds_output.js",
      "duration": 1,
      "currentRetry": 0,
      "speed": "fast",
      "err": {}
    },
    {
      "title": "setNumber with JSON value should throw Error and subscriber should not get a message with erroneous field data",
      "fullTitle": "Output Tests setNumber with JSON value should throw Error and subscriber should not get a message with erroneous field data",
      "file": "/home/mnunez/rti_repos/rticonnextdds-connector-js/test/nodejs/test_rticonnextdds_output.js",
      "duration": 0,
      "currentRetry": 0,
      "speed": "fast",
      "err": {}
    },
    {
      "title": "setBoolean with string value should throw Error and subscriber should not get a  message with erroneous field data",
      "fullTitle": "Output Tests setBoolean with string value should throw Error and subscriber should not get a  message with erroneous field data",
      "file": "/home/mnunez/rti_repos/rticonnextdds-connector-js/test/nodejs/test_rticonnextdds_output.js",
      "duration": 0,
      "currentRetry": 0,
      "speed": "fast",
      "err": {}
    },
    {
      "title": "Implicit type-conversion for setBoolean with number value",
      "fullTitle": "Output Tests Implicit type-conversion for setBoolean with number value",
      "file": "/home/mnunez/rti_repos/rticonnextdds-connector-js/test/nodejs/test_rticonnextdds_output.js",
      "duration": 0,
      "currentRetry": 0,
      "speed": "fast",
      "err": {}
    },
    {
      "title": "setBoolean with JSON value should throw Error and subscriber should not get a  message with erroneous field data",
      "fullTitle": "Output Tests setBoolean with JSON value should throw Error and subscriber should not get a  message with erroneous field data",
      "file": "/home/mnunez/rti_repos/rticonnextdds-connector-js/test/nodejs/test_rticonnextdds_output.js",
      "duration": 0,
      "currentRetry": 0,
      "speed": "fast",
      "err": {}
    },
    {
      "title": "setFromJSON for JSON object with incompatible value types should throw Error and subscriber should not get a message with erroneous field data",
      "fullTitle": "Output Tests setFromJSON for JSON object with incompatible value types should throw Error and subscriber should not get a message with erroneous field data",
      "file": "/home/mnunez/rti_repos/rticonnextdds-connector-js/test/nodejs/test_rticonnextdds_output.js",
      "duration": 1,
      "currentRetry": 0,
      "speed": "fast",
      "err": {}
    },
    {
      "title": "Use the type independent set with invalid fieldName",
      "fullTitle": "Output Tests Use the type independent set with invalid fieldName",
      "file": "/home/mnunez/rti_repos/rticonnextdds-connector-js/test/nodejs/test_rticonnextdds_output.js",
      "duration": 0,
      "currentRetry": 0,
      "speed": "fast",
      "err": {}
    },
    {
      "title": "Calling the type-independent set with non-existent field name",
      "fullTitle": "Output Tests Calling the type-independent set with non-existent field name",
      "file": "/home/mnunez/rti_repos/rticonnextdds-connector-js/test/nodejs/test_rticonnextdds_output.js",
      "duration": 0,
      "currentRetry": 0,
      "speed": "fast",
      "err": {}
    },
    {
      "title": "Try to set a bad JSON value",
      "fullTitle": "Output Tests Try to set a bad JSON value",
      "file": "/home/mnunez/rti_repos/rticonnextdds-connector-js/test/nodejs/test_rticonnextdds_output.js",
      "duration": 0,
      "currentRetry": 0,
      "speed": "fast",
      "err": {}
    }
  ],
  "pending": [
    {
      "title": "",
      "fullTitle": "DataflowTests for read ",
      "file": "/home/mnunez/rti_repos/rticonnextdds-connector-js/test/nodejs/test_rticonnextdds_dataflow.js",
      "currentRetry": 0,
      "err": {}
    },
    {
      "title": "",
      "fullTitle": "DataflowTests for take ",
      "file": "/home/mnunez/rti_repos/rticonnextdds-connector-js/test/nodejs/test_rticonnextdds_dataflow.js",
      "currentRetry": 0,
      "err": {}
    }
  ],
  "failures": [],
  "passes": [
    {
      "title": "Connector should throw an error for invalid xml path",
      "fullTitle": "Connector Tests Connector should throw an error for invalid xml path",
      "file": "/home/mnunez/rti_repos/rticonnextdds-connector-js/test/nodejs/test_rticonnextdds_connector.js",
      "duration": 11,
      "currentRetry": 0,
      "speed": "fast",
      "err": {}
    },
    {
      "title": "Connector should throw an error for invalid participant profile",
      "fullTitle": "Connector Tests Connector should throw an error for invalid participant profile",
      "file": "/home/mnunez/rti_repos/rticonnextdds-connector-js/test/nodejs/test_rticonnextdds_connector.js",
      "duration": 17,
      "currentRetry": 0,
      "speed": "fast",
      "err": {}
    },
    {
      "title": "Connector should throw an error for invalid xml profile",
      "fullTitle": "Connector Tests Connector should throw an error for invalid xml profile",
      "file": "/home/mnunez/rti_repos/rticonnextdds-connector-js/test/nodejs/test_rticonnextdds_connector.js",
      "duration": 14,
      "currentRetry": 0,
      "speed": "fast",
      "err": {}
    },
    {
      "title": "Connector should get instantiated for validxml and participant profile",
      "fullTitle": "Connector Tests Connector should get instantiated for validxml and participant profile",
      "file": "/home/mnunez/rti_repos/rticonnextdds-connector-js/test/nodejs/test_rticonnextdds_connector.js",
      "duration": 530,
      "currentRetry": 0,
      "speed": "slow",
      "err": {}
    },
    {
      "title": "Multiple Connector objects can be instantiated",
      "fullTitle": "Connector Tests Multiple Connector objects can be instantiated",
      "file": "/home/mnunez/rti_repos/rticonnextdds-connector-js/test/nodejs/test_rticonnextdds_connector.js",
      "duration": 1388,
      "currentRetry": 0,
      "speed": "slow",
      "err": {}
    },
    {
      "title": "Multiple Connector obejcts can be instantiated without participant QoS",
      "fullTitle": "Connector Tests Multiple Connector obejcts can be instantiated without participant QoS",
      "file": "/home/mnunez/rti_repos/rticonnextdds-connector-js/test/nodejs/test_rticonnextdds_connector.js",
      "duration": 949,
      "currentRetry": 0,
      "speed": "slow",
      "err": {}
[...]
      "err": {}
    },
    {
      "title": "Using .removeAllListeners() should remove all eventListeners",
      "fullTitle": "Connector EventEmitter tests Using .removeAllListeners() should remove all eventListeners",
      "file": "/home/mnunez/rti_repos/rticonnextdds-connector-js/test/nodejs/test_rticonnextdds_events.js",
      "duration": 0,
      "currentRetry": 0,
      "speed": "fast",
      "err": {}
    },
    {
      "title": "Should be possible to re-use a Connector after calling waitForCallbackFinalization",
      "fullTitle": "Connector EventEmitter tests Should be possible to re-use a Connector after calling waitForCallbackFinalization",
      "file": "/home/mnunez/rti_repos/rticonnextdds-connector-js/test/nodejs/test_rticonnextdds_events.js",
      "duration": 602,
      "currentRetry": 0,
      "speed": "slow",
      "err": {}
    },
    {
      "title": "Event should be emitted when data is available on an input",
      "fullTitle": "Connector EventEmitter tests Event should be emitted when data is available on an input",
      "file": "/home/mnunez/rti_repos/rticonnextdds-connector-js/test/nodejs/test_rticonnextdds_events.js",
      "duration": 1,
      "currentRetry": 0,
      "speed": "fast",
      "err": {}
    },
    {
      "title": "Connector.once() should automatically unregister the callback after data is received",
      "fullTitle": "Connector EventEmitter tests Connector.once() should automatically unregister the callback after data is received",
      "file": "/home/mnunez/rti_repos/rticonnextdds-connector-js/test/nodejs/test_rticonnextdds_events.js",
      "duration": 1,
      "currentRetry": 0,
      "speed": "fast",
      "err": {}
    },
    {
      "title": "Should be possible to add multiple callbacks for the same event",
      "fullTitle": "Connector EventEmitter tests Should be possible to add multiple callbacks for the same event",
      "file": "/home/mnunez/rti_repos/rticonnextdds-connector-js/test/nodejs/test_rticonnextdds_events.js",
      "duration": 1,
      "currentRetry": 0,
      "speed": "fast",
      "err": {}
    },
    {
      "title": "Possible to uninstall the eventListener with .off()",
      "fullTitle": "Connector EventEmitter tests Possible to uninstall the eventListener with .off()",
      "file": "/home/mnunez/rti_repos/rticonnextdds-connector-js/test/nodejs/test_rticonnextdds_events.js",
      "duration": 251,
      "currentRetry": 0,
      "speed": "slow",
      "err": {}
    },
    {
      "title": "Using .off() should only unregister the supplied callback, if multiple are registered",
      "fullTitle": "Connector EventEmitter tests Using .off() should only unregister the supplied callback, if multiple are registered",
      "file": "/home/mnunez/rti_repos/rticonnextdds-connector-js/test/nodejs/test_rticonnextdds_events.js",
      "duration": 1,
      "currentRetry": 0,
      "speed": "fast",
      "err": {}
    },
    {
      "title": "Input object should not get instantiated for invalid DataReader",
      "fullTitle": "Input Tests Input object should not get instantiated for invalid DataReader",
      "file": "/home/mnunez/rti_repos/rticonnextdds-connector-js/test/nodejs/test_rticonnextdds_input.js",
      "duration": 1,
      "currentRetry": 0,
      "speed": "fast",
      "err": {}
    },
    {
      "title": "Input object should get instantiated for valid Subscription::DataReader name",
      "fullTitle": "Input Tests Input object should get instantiated for valid Subscription::DataReader name",
      "file": "/home/mnunez/rti_repos/rticonnextdds-connector-js/test/nodejs/test_rticonnextdds_input.js",
      "duration": 0,
      "currentRetry": 0,
      "speed": "fast",
      "err": {}
    },
    {
      "title": "Entities should not auto-discover each other if QoS is set appropriately",
      "fullTitle": "Subscriber not automatically enabled tests Entities should not auto-discover each other if QoS is set appropriately",
      "file": "/home/mnunez/rti_repos/rticonnextdds-connector-js/test/nodejs/test_rticonnextdds_input.js",
      "duration": 501,
      "currentRetry": 0,
      "speed": "slow",
      "err": {}
    },
    {
      "title": "Calling getInput should enable the input",
      "fullTitle": "Subscriber not automatically enabled tests Calling getInput should enable the input",
      "file": "/home/mnunez/rti_repos/rticonnextdds-connector-js/test/nodejs/test_rticonnextdds_input.js",
      "duration": 2,
      "currentRetry": 0,
      "speed": "fast",
      "err": {}
    },
    {
      "title": "Should be possible to call an API in the Connector library which is not in the binding ",
      "fullTitle": "Native call on a DataReader Should be possible to call an API in the Connector library which is not in the binding ",
      "file": "/home/mnunez/rti_repos/rticonnextdds-connector-js/test/nodejs/test_rticonnextdds_input.js",
      "duration": 532,
      "currentRetry": 0,
      "speed": "slow",
      "err": {}
    },
    {
      "title": "test write with source_timestamp",
      "fullTitle": "Test operations involving meta data test write with source_timestamp",
      "file": "/home/mnunez/rti_repos/rticonnextdds-connector-js/test/nodejs/test_rticonnextdds_metadata.js",
      "duration": 1,
      "currentRetry": 0,
      "speed": "fast",
      "err": {}
    },
    {
      "title": "test write with identity",
      "fullTitle": "Test operations involving meta data test write with identity",
      "file": "/home/mnunez/rti_repos/rticonnextdds-connector-js/test/nodejs/test_rticonnextdds_metadata.js",
      "duration": 1,
      "currentRetry": 0,
      "speed": "fast",
      "err": {}
    },
    {
      "title": "test write with related_sample_identity",
      "fullTitle": "Test operations involving meta data test write with related_sample_identity",
      "file": "/home/mnunez/rti_repos/rticonnextdds-connector-js/test/nodejs/test_rticonnextdds_metadata.js",
      "duration": 0,
      "currentRetry": 0,
      "speed": "fast",
      "err": {}
    },
    {
      "title": "test write with unsupported params",
      "fullTitle": "Test operations involving meta data test write with unsupported params",
      "file": "/home/mnunez/rti_repos/rticonnextdds-connector-js/test/nodejs/test_rticonnextdds_metadata.js",
      "duration": 0,
      "currentRetry": 0,
      "speed": "fast",
      "err": {}
    },
    {
      "title": "test write with invalid action",
      "fullTitle": "Test operations involving meta data test write with invalid action",
      "file": "/home/mnunez/rti_repos/rticonnextdds-connector-js/test/nodejs/test_rticonnextdds_metadata.js",
      "duration": 0,
      "currentRetry": 0,
      "speed": "fast",
      "err": {}
    },
    {
      "title": "test write with invalid source_timestamp",
      "fullTitle": "Test operations involving meta data test write with invalid source_timestamp",
      "file": "/home/mnunez/rti_repos/rticonnextdds-connector-js/test/nodejs/test_rticonnextdds_metadata.js",
      "duration": 1,
      "currentRetry": 0,
      "speed": "fast",
      "err": {}
    },
    {
      "title": "test write with invalid guid",
      "fullTitle": "Test operations involving meta data test write with invalid guid",
      "file": "/home/mnunez/rti_repos/rticonnextdds-connector-js/test/nodejs/test_rticonnextdds_metadata.js",
      "duration": 0,
      "currentRetry": 0,
      "speed": "fast",
      "err": {}
    },
    {
      "title": "test write with invalid sequence_number",
      "fullTitle": "Test operations involving meta data test write with invalid sequence_number",
      "file": "/home/mnunez/rti_repos/rticonnextdds-connector-js/test/nodejs/test_rticonnextdds_metadata.js",
      "duration": 0,
      "currentRetry": 0,
      "speed": "fast",
      "err": {}
    },
    {
      "title": "test metadata from write without params",
      "fullTitle": "Test operations involving meta data test metadata from write without params",
      "file": "/home/mnunez/rti_repos/rticonnextdds-connector-js/test/nodejs/test_rticonnextdds_metadata.js",
      "duration": 2,
      "currentRetry": 0,
      "speed": "fast",
      "err": {}
    },
    {
      "title": "test getting sample_state",
      "fullTitle": "Test operations involving meta data test getting sample_state",
      "file": "/home/mnunez/rti_repos/rticonnextdds-connector-js/test/nodejs/test_rticonnextdds_metadata.js",
      "duration": 0,
      "currentRetry": 0,
      "speed": "fast",
      "err": {}
    },
    {
      "title": "test getting instance state",
      "fullTitle": "Test operations involving meta data test getting instance state",
      "file": "/home/mnunez/rti_repos/rticonnextdds-connector-js/test/nodejs/test_rticonnextdds_metadata.js",
      "duration": 1,
      "currentRetry": 0,
      "speed": "fast",
      "err": {}
    },
    {
      "title": "test getting sample view state",
      "fullTitle": "Test operations involving meta data test getting sample view state",
      "file": "/home/mnunez/rti_repos/rticonnextdds-connector-js/test/nodejs/test_rticonnextdds_metadata.js",
      "duration": 1,
      "currentRetry": 0,
      "speed": "fast",
      "err": {}
    },
    {
      "title": "access key value of disposed instance",
      "fullTitle": "accessing key values after instance disposal access key value of disposed instance",
      "file": "/home/mnunez/rti_repos/rticonnextdds-connector-js/test/nodejs/test_rticonnextdds_metadata.js",
      "duration": 1,
      "currentRetry": 0,
      "speed": "fast",
      "err": {}
    },
    {
      "title": "access key values of disposed instance with multiple keys",
      "fullTitle": "accessing key values after instance disposal access key values of disposed instance with multiple keys",
      "file": "/home/mnunez/rti_repos/rticonnextdds-connector-js/test/nodejs/test_rticonnextdds_metadata.js",
      "duration": 1,
      "currentRetry": 0,
      "speed": "fast",
      "err": {}
    },
    {
      "title": "access the complex key of a disposed instance",
      "fullTitle": "accessing key values after instance disposal access the complex key of a disposed instance",
      "file": "/home/mnunez/rti_repos/rticonnextdds-connector-js/test/nodejs/test_rticonnextdds_metadata.js",
      "duration": 2,
      "currentRetry": 0,
      "speed": "fast",
      "err": {}
    },
    {
      "title": "access the key fields using an iterator",
      "fullTitle": "accessing key values after instance disposal access the key fields using an iterator",
      "file": "/home/mnunez/rti_repos/rticonnextdds-connector-js/test/nodejs/test_rticonnextdds_metadata.js",
      "duration": 2,
      "currentRetry": 0,
      "speed": "fast",
      "err": {}
    },
    {
      "title": "keys within nested structures are not keys unless tagged as keys in top level",
      "fullTitle": "accessing key values after instance disposal keys within nested structures are not keys unless tagged as keys in top level",
      "file": "/home/mnunez/rti_repos/rticonnextdds-connector-js/test/nodejs/test_rticonnextdds_metadata.js",
      "duration": 1,
      "currentRetry": 0,
      "speed": "fast",
      "err": {}
    },
    {
      "title": "Output object should not get instantiated for invalid DataWriter",
      "fullTitle": "Output Tests Output object should not get instantiated for invalid DataWriter",
      "file": "/home/mnunez/rti_repos/rticonnextdds-connector-js/test/nodejs/test_rticonnextdds_output.js",
      "duration": 1,
      "currentRetry": 0,
      "speed": "fast",
      "err": {}
    },
    {
      "title": "Output object should get instantiated for valid Publication::DataWriter name",
      "fullTitle": "Output Tests Output object should get instantiated for valid Publication::DataWriter name",
      "file": "/home/mnunez/rti_repos/rticonnextdds-connector-js/test/nodejs/test_rticonnextdds_output.js",
      "duration": 0,
      "currentRetry": 0,
      "speed": "fast",
      "err": {}
    },
    {
      "title": "Can wait for acknowledgements on a reliable DataWriter",
      "fullTitle": "Output Tests Can wait for acknowledgements on a reliable DataWriter",
      "file": "/home/mnunez/rti_repos/rticonnextdds-connector-js/test/nodejs/test_rticonnextdds_output.js",
      "duration": 5999,
      "currentRetry": 0,
      "speed": "slow",
      "err": {}
    },
    {
      "title": "output's instance should exist",
      "fullTitle": "Output Tests output's instance should exist",
      "file": "/home/mnunez/rti_repos/rticonnextdds-connector-js/test/nodejs/test_rticonnextdds_output.js",
      "duration": 0,
      "currentRetry": 0,
      "speed": "fast",
      "err": {}
    },
    {
      "title": "setNumber on non-existent field should throw error and subscriber should not get a message with default values",
      "fullTitle": "Output Tests setNumber on non-existent field should throw error and subscriber should not get a message with default values",
      "file": "/home/mnunez/rti_repos/rticonnextdds-connector-js/test/nodejs/test_rticonnextdds_output.js",
      "duration": 1,
      "currentRetry": 0,
      "speed": "fast",
      "err": {}
    },
    {
      "title": "setString on non-existent field should throw error and subscriber should not get a message with default values",
      "fullTitle": "Output Tests setString on non-existent field should throw error and subscriber should not get a message with default values",
      "file": "/home/mnunez/rti_repos/rticonnextdds-connector-js/test/nodejs/test_rticonnextdds_output.js",
      "duration": 0,
      "currentRetry": 0,
      "speed": "fast",
      "err": {}
    },
    {
      "title": "setBoolean on non-existent field should throw error and subscriber should not get a message with default values",
      "fullTitle": "Output Tests setBoolean on non-existent field should throw error and subscriber should not get a message with default values",
      "file": "/home/mnunez/rti_repos/rticonnextdds-connector-js/test/nodejs/test_rticonnextdds_output.js",
      "duration": 0,
      "currentRetry": 0,
      "speed": "fast",
      "err": {}
    },
    {
      "title": "setFromJSON should throw error for a JSON object with non-existent fields and subscriber should not get a message with default values",
      "fullTitle": "Output Tests setFromJSON should throw error for a JSON object with non-existent fields and subscriber should not get a message with default values",
      "file": "/home/mnunez/rti_repos/rticonnextdds-connector-js/test/nodejs/test_rticonnextdds_output.js",
      "duration": 1,
      "currentRetry": 0,
      "speed": "fast",
      "err": {}
    },
    {
      "title": "setString with boolean value should throw Error",
      "fullTitle": "Output Tests setString with boolean value should throw Error",
      "file": "/home/mnunez/rti_repos/rticonnextdds-connector-js/test/nodejs/test_rticonnextdds_output.js",
      "duration": 0,
      "currentRetry": 0,
      "speed": "fast",
      "err": {}
    },
    {
      "title": "setString with number value should throw Error",
      "fullTitle": "Output Tests setString with number value should throw Error",
      "file": "/home/mnunez/rti_repos/rticonnextdds-connector-js/test/nodejs/test_rticonnextdds_output.js",
      "duration": 0,
      "currentRetry": 0,
      "speed": "fast",
      "err": {}
    },
    {
      "title": "setString with JSON value should throw Error",
      "fullTitle": "Output Tests setString with JSON value should throw Error",
      "file": "/home/mnunez/rti_repos/rticonnextdds-connector-js/test/nodejs/test_rticonnextdds_output.js",
      "duration": 0,
      "currentRetry": 0,
      "speed": "fast",
      "err": {}
    },
    {
      "title": "setNumber with string value should throw Error andsubscriber should not get a message with erroneous field data",
      "fullTitle": "Output Tests setNumber with string value should throw Error andsubscriber should not get a message with erroneous field data",
      "file": "/home/mnunez/rti_repos/rticonnextdds-connector-js/test/nodejs/test_rticonnextdds_output.js",
      "duration": 1,
      "currentRetry": 0,
      "speed": "fast",
      "err": {}
    },
    {
      "title": "Implicit type-conversion for setNumber with boolean value",
      "fullTitle": "Output Tests Implicit type-conversion for setNumber with boolean value",
      "file": "/home/mnunez/rti_repos/rticonnextdds-connector-js/test/nodejs/test_rticonnextdds_output.js",
      "duration": 1,
      "currentRetry": 0,
      "speed": "fast",
      "err": {}
    },
    {
      "title": "setNumber with JSON value should throw Error and subscriber should not get a message with erroneous field data",
      "fullTitle": "Output Tests setNumber with JSON value should throw Error and subscriber should not get a message with erroneous field data",
      "file": "/home/mnunez/rti_repos/rticonnextdds-connector-js/test/nodejs/test_rticonnextdds_output.js",
      "duration": 0,
      "currentRetry": 0,
      "speed": "fast",
      "err": {}
    },
    {
      "title": "setBoolean with string value should throw Error and subscriber should not get a  message with erroneous field data",
      "fullTitle": "Output Tests setBoolean with string value should throw Error and subscriber should not get a  message with erroneous field data",
      "file": "/home/mnunez/rti_repos/rticonnextdds-connector-js/test/nodejs/test_rticonnextdds_output.js",
      "duration": 0,
      "currentRetry": 0,
      "speed": "fast",
      "err": {}
    },
    {
      "title": "Implicit type-conversion for setBoolean with number value",
      "fullTitle": "Output Tests Implicit type-conversion for setBoolean with number value",
      "file": "/home/mnunez/rti_repos/rticonnextdds-connector-js/test/nodejs/test_rticonnextdds_output.js",
      "duration": 0,
      "currentRetry": 0,
      "speed": "fast",
      "err": {}
    },
    {
      "title": "setBoolean with JSON value should throw Error and subscriber should not get a  message with erroneous field data",
      "fullTitle": "Output Tests setBoolean with JSON value should throw Error and subscriber should not get a  message with erroneous field data",
      "file": "/home/mnunez/rti_repos/rticonnextdds-connector-js/test/nodejs/test_rticonnextdds_output.js",
      "duration": 0,
      "currentRetry": 0,
      "speed": "fast",
      "err": {}
    },
    {
      "title": "setFromJSON for JSON object with incompatible value types should throw Error and subscriber should not get a message with erroneous field data",
      "fullTitle": "Output Tests setFromJSON for JSON object with incompatible value types should throw Error and subscriber should not get a message with erroneous field data",
      "file": "/home/mnunez/rti_repos/rticonnextdds-connector-js/test/nodejs/test_rticonnextdds_output.js",
      "duration": 1,
      "currentRetry": 0,
      "speed": "fast",
      "err": {}
    },
    {
      "title": "Use the type independent set with invalid fieldName",
      "fullTitle": "Output Tests Use the type independent set with invalid fieldName",
      "file": "/home/mnunez/rti_repos/rticonnextdds-connector-js/test/nodejs/test_rticonnextdds_output.js",
      "duration": 0,
      "currentRetry": 0,
      "speed": "fast",
      "err": {}
    },
    {
      "title": "Calling the type-independent set with non-existent field name",
      "fullTitle": "Output Tests Calling the type-independent set with non-existent field name",
      "file": "/home/mnunez/rti_repos/rticonnextdds-connector-js/test/nodejs/test_rticonnextdds_output.js",
      "duration": 0,
      "currentRetry": 0,
      "speed": "fast",
      "err": {}
    },
    {
      "title": "Try to set a bad JSON value",
      "fullTitle": "Output Tests Try to set a bad JSON value",
      "file": "/home/mnunez/rti_repos/rticonnextdds-connector-js/test/nodejs/test_rticonnextdds_output.js",
      "duration": 0,
      "currentRetry": 0,
      "speed": "fast",
      "err": {}
    }
  ]
}